<?xml version="1.0" encoding="UTF-8"?>
<testng-results ignored="0" total="1" passed="1" failed="0" skipped="0">
  <reporter-output>
  </reporter-output>
  <suite started-at="2025-11-08T16:27:32 IST" name="Reelo Automation Suite" finished-at="2025-11-08T16:28:19 IST" duration-ms="46710">
    <groups>
    </groups>
    <test started-at="2025-11-08T16:27:32 IST" name="Reelo Tests" finished-at="2025-11-08T16:28:19 IST" duration-ms="46710">
      <class name="tests.ReeloAutomationTest">
        <test-method is-config="true" signature="setUp()[pri:0, instance:tests.ReeloAutomationTest@7586beff]" started-at="2025-11-08T16:27:32 IST" name="setUp" finished-at="2025-11-08T16:27:35 IST" duration-ms="2359" status="PASS">
          <reporter-output>
          </reporter-output>
        </test-method> <!-- setUp -->
        <test-method signature="smsCampaignTest()[pri:0, instance:tests.ReeloAutomationTest@7586beff]" started-at="2025-11-08T16:27:35 IST" name="smsCampaignTest" finished-at="2025-11-08T16:28:18 IST" duration-ms="43840" status="PASS">
          <reporter-output>
          </reporter-output>
        </test-method> <!-- smsCampaignTest -->
        <test-method is-config="true" signature="tearDown()[pri:0, instance:tests.ReeloAutomationTest@7586beff]" started-at="2025-11-08T16:28:18 IST" name="tearDown" finished-at="2025-11-08T16:28:19 IST" duration-ms="449" status="PASS">
          <reporter-output>
          </reporter-output>
        </test-method> <!-- tearDown -->
      </class> <!-- tests.ReeloAutomationTest -->
    </test> <!-- Reelo Tests -->
  </suite> <!-- Reelo Automation Suite -->
</testng-results>
