<?xml version="1.0" encoding="UTF-8"?>
<!-- Generated by org.testng.reporters.JUnitXMLReporter -->
<testsuite ignored="1" hostname="DESKTOP-G3O813T" failures="0" tests="2" name="Test" time="0.098" errors="0" timestamp="2025-07-17T08:08:58 IST">
  <testcase classname="neurotest.NeuroTest" name="login" time="0.015"/>
  <testcase classname="neurotest.NeuroTest" name="logout" time="0.009"/>
  <testcase classname="neurotest.NeuroTest" name="createcontract" time="0.0">
    <ignored/>
  </testcase> <!-- createcontract -->
</testsuite> <!-- Test -->
